#! /c/Source/iverilog-install/bin/vvp
:ivl_version "12.0 (devel)" "(s20150603-1539-g2693dd32b)";
:ivl_delay_selection "TYPICAL";
:vpi_time_precision + 0;
:vpi_module "C:\iverilog\lib\ivl\system.vpi";
:vpi_module "C:\iverilog\lib\ivl\vhdl_sys.vpi";
:vpi_module "C:\iverilog\lib\ivl\vhdl_textio.vpi";
:vpi_module "C:\iverilog\lib\ivl\v2005_math.vpi";
:vpi_module "C:\iverilog\lib\ivl\va_math.vpi";
S_0000025bfc44bba0 .scope module, "labK" "labK" 2 1;
 .timescale 0 0;
L_0000025bfc446a80 .functor XOR 1, v0000025bfc44b400_0, v0000025bfc44b2c0_0, C4<0>, C4<0>;
L_0000025bfc446be0 .functor XOR 1, v0000025bfc44b4a0_0, L_0000025bfc446a80, C4<0>, C4<0>;
L_0000025bfc446d60 .functor AND 1, v0000025bfc44b400_0, v0000025bfc44b2c0_0, C4<1>, C4<1>;
L_0000025bfc446fd0 .functor AND 1, L_0000025bfc446a80, v0000025bfc44b4a0_0, C4<1>, C4<1>;
L_0000025bfc449e20 .functor OR 1, L_0000025bfc446fd0, L_0000025bfc446d60, C4<0>, C4<0>;
v0000025bfc44b2c0_0 .var "a", 0 0;
v0000025bfc4467b0_0 .net "andbottom", 0 0, L_0000025bfc446fd0;  1 drivers
v0000025bfc44b360_0 .net "andtop", 0 0, L_0000025bfc446d60;  1 drivers
v0000025bfc44b400_0 .var "b", 0 0;
v0000025bfc44b4a0_0 .var "cin", 0 0;
v0000025bfc44b540_0 .net "cout", 0 0, L_0000025bfc449e20;  1 drivers
v0000025bfc44b5e0_0 .var "expect", 1 0;
v0000025bfc44b680_0 .var/i "i", 31 0;
v0000025bfc4933c0_0 .var/i "j", 31 0;
v0000025bfc493460_0 .var/i "k", 31 0;
v0000025bfc493500_0 .net "xor1", 0 0, L_0000025bfc446a80;  1 drivers
v0000025bfc4935a0_0 .net "z", 0 0, L_0000025bfc446be0;  1 drivers
    .scope S_0000025bfc44bba0;
T_0 ;
    %pushi/vec4 0, 0, 32;
    %store/vec4 v0000025bfc44b680_0, 0, 32;
T_0.0 ;
    %load/vec4 v0000025bfc44b680_0;
    %cmpi/s 2, 0, 32;
    %jmp/0xz T_0.1, 5;
    %pushi/vec4 0, 0, 32;
    %store/vec4 v0000025bfc4933c0_0, 0, 32;
T_0.2 ;
    %load/vec4 v0000025bfc4933c0_0;
    %cmpi/s 2, 0, 32;
    %jmp/0xz T_0.3, 5;
    %pushi/vec4 0, 0, 32;
    %store/vec4 v0000025bfc493460_0, 0, 32;
T_0.4 ;
    %load/vec4 v0000025bfc493460_0;
    %cmpi/s 2, 0, 32;
    %jmp/0xz T_0.5, 5;
    %load/vec4 v0000025bfc44b680_0;
    %pad/s 1;
    %store/vec4 v0000025bfc44b2c0_0, 0, 1;
    %load/vec4 v0000025bfc4933c0_0;
    %pad/s 1;
    %store/vec4 v0000025bfc44b400_0, 0, 1;
    %load/vec4 v0000025bfc493460_0;
    %pad/s 1;
    %store/vec4 v0000025bfc44b4a0_0, 0, 1;
    %load/vec4 v0000025bfc44b2c0_0;
    %pad/u 2;
    %load/vec4 v0000025bfc44b400_0;
    %pad/u 2;
    %add;
    %load/vec4 v0000025bfc44b4a0_0;
    %pad/u 2;
    %add;
    %store/vec4 v0000025bfc44b5e0_0, 0, 2;
    %delay 1, 0;
    %load/vec4 v0000025bfc44b5e0_0;
    %parti/s 1, 0, 2;
    %load/vec4 v0000025bfc4935a0_0;
    %cmp/e;
    %flag_get/vec4 6;
    %jmp/0 T_0.8, 6;
    %load/vec4 v0000025bfc44b5e0_0;
    %parti/s 1, 1, 2;
    %load/vec4 v0000025bfc44b540_0;
    %cmp/e;
    %flag_get/vec4 6;
    %and;
T_0.8;
    %flag_set/vec4 8;
    %jmp/0xz  T_0.6, 8;
    %vpi_call 2 28 "$display", "PASS: a=%b b=%b cin=%b z=%b cout=%b", v0000025bfc44b2c0_0, v0000025bfc44b400_0, v0000025bfc44b4a0_0, v0000025bfc4935a0_0, v0000025bfc44b540_0 {0 0 0};
    %jmp T_0.7;
T_0.6 ;
    %vpi_call 2 30 "$display", "FAIL: a=%b b=%b cin=%b z=%b cout=%b", v0000025bfc44b2c0_0, v0000025bfc44b400_0, v0000025bfc44b4a0_0, v0000025bfc4935a0_0, v0000025bfc44b540_0 {0 0 0};
T_0.7 ;
    %load/vec4 v0000025bfc493460_0;
    %addi 1, 0, 32;
    %store/vec4 v0000025bfc493460_0, 0, 32;
    %jmp T_0.4;
T_0.5 ;
    %load/vec4 v0000025bfc4933c0_0;
    %addi 1, 0, 32;
    %store/vec4 v0000025bfc4933c0_0, 0, 32;
    %jmp T_0.2;
T_0.3 ;
    %load/vec4 v0000025bfc44b680_0;
    %addi 1, 0, 32;
    %store/vec4 v0000025bfc44b680_0, 0, 32;
    %jmp T_0.0;
T_0.1 ;
    %vpi_call 2 32 "$finish" {0 0 0};
    %end;
    .thread T_0;
# The file index is used to find the file name in the following table.
:file_names 3;
    "N/A";
    "<interactive>";
    "LabK9.v";
